#
# There is insufficient memory for the Java Runtime Environment to continue.
# Native memory allocation (malloc) failed to allocate 640304 bytes for Chunk::new
# Possible reasons:
#   The system is out of physical RAM or swap space
#   The process is running with CompressedOops enabled, and the Java Heap may be blocking the growth of the native heap
# Possible solutions:
#   Reduce memory load on the system
#   Increase physical memory or swap space
#   Check if swap backing store is full
#   Decrease Java heap size (-Xmx/-Xms)
#   Decrease number of Java threads
#   Decrease Java thread stack sizes (-Xss)
#   Set larger code cache with -XX:ReservedCodeCacheSize=
#   JVM is running with Unscaled Compressed Oops mode in which the Java heap is
#     placed in the first 4GB address space. The Java Heap base address is the
#     maximum limit for the native heap growth. Please use -XX:HeapBaseMinAddress
#     to set the Java Heap base and to place the Java Heap above 4GB virtual address.
# This output file may be truncated or incomplete.
#
#  Out of Memory Error (arena.cpp:191), pid=25316, tid=6540
#
# JRE version: OpenJDK Runtime Environment Temurin-17.0.10+7 (17.0.10+7) (build 17.0.10+7)
# Java VM: OpenJDK 64-Bit Server VM Temurin-17.0.10+7 (17.0.10+7, mixed mode, tiered, compressed oops, compressed class ptrs, parallel gc, windows-amd64)
# No core dump will be written. Minidumps are not enabled by default on client versions of Windows
#

---------------  S U M M A R Y ------------

Command Line: --add-modules=ALL-SYSTEM --add-opens=java.base/java.util=ALL-UNNAMED --add-opens=java.base/java.lang=ALL-UNNAMED --add-opens=java.base/sun.nio.fs=ALL-UNNAMED -Declipse.application=org.eclipse.jdt.ls.core.id1 -Dosgi.bundles.defaultStartLevel=4 -Declipse.product=org.eclipse.jdt.ls.core.product -Djava.import.generatesMetadataFilesAtProjectRoot=false -DDetectVMInstallationsJob.disabled=true -Dfile.encoding=utf8 -XX:+UseParallelGC -XX:GCTimeRatio=4 -XX:AdaptiveSizePolicyWeight=90 -Dsun.zip.disableMemoryMapping=true -Xmx1G -Xms100m -Xlog:disable -javaagent:c:\Users\HP\.vscode\extensions\redhat.java-1.28.1-win32-x64\lombok\lombok-1.18.31.jar -XX:+HeapDumpOnOutOfMemoryError -XX:HeapDumpPath=c:\Users\HP\AppData\Roaming\Code\User\workspaceStorage\99dd278fc6fb6ad53d442654f0a575b8\redhat.java -Daether.dependencyCollector.impl=bf c:\Users\HP\.vscode\extensions\redhat.java-1.28.1-win32-x64\server\plugins\org.eclipse.equinox.launcher_1.6.700.v20231214-2017.jar -configuration c:\Users\HP\AppData\Roaming\Code\User\globalStorage\redhat.java\1.28.1\config_win -data c:\Users\HP\AppData\Roaming\Code\User\workspaceStorage\99dd278fc6fb6ad53d442654f0a575b8\redhat.java\jdt_ws --stdio

Host: AMD Ryzen 5 5500U with Radeon Graphics         , 12 cores, 7G,  Windows 11 , 64 bit Build 22621 (10.0.22621.3374)
Time: Fri Mar 29 18:12:06 2024 India Standard Time elapsed time: 5.307010 seconds (0d 0h 0m 5s)

---------------  T H R E A D  ---------------

Current thread (0x00000221418283e0):  JavaThread "C2 CompilerThread0" daemon [_thread_in_native, id=6540, stack(0x000000c7f6800000,0x000000c7f6900000)]


Current CompileTask:
C2:   5307 4732   !   4       sun.nio.cs.StreamDecoder::read (196 bytes)

Stack: [0x000000c7f6800000,0x000000c7f6900000]
Native frames: (J=compiled Java code, j=interpreted, Vv=VM code, C=native code)
V  [jvm.dll+0x67d2c9]
V  [jvm.dll+0x834afa]
V  [jvm.dll+0x8365be]
V  [jvm.dll+0x836c23]
V  [jvm.dll+0x2477ff]
V  [jvm.dll+0xac514]
V  [jvm.dll+0xacb5c]
V  [jvm.dll+0x3667d7]
V  [jvm.dll+0x1bcd86]
V  [jvm.dll+0x21a049]
V  [jvm.dll+0x219311]
V  [jvm.dll+0x1a502d]
V  [jvm.dll+0x2290de]
V  [jvm.dll+0x2272ac]
V  [jvm.dll+0x7e9bb7]
V  [jvm.dll+0x7e3fba]
V  [jvm.dll+0x67c1b5]
C  [ucrtbase.dll+0x29333]
C  [KERNEL32.DLL+0x1257d]
C  [ntdll.dll+0x5aa48]


---------------  P R O C E S S  ---------------

Threads class SMR info:
_java_thread_list=0x0000022144b4f240, length=28, elements={
0x00000221286505c0, 0x000002213c4dc9e0, 0x00000221417e4460, 0x00000221417f4bb0,
0x00000221417f5580, 0x00000221417f8060, 0x00000221417f8b30, 0x00000221418283e0,
0x000002214182edb0, 0x0000022141846de0, 0x00000221286b43d0, 0x0000022141b3dac0,
0x0000022143384c00, 0x000002214343d7b0, 0x000002214343df60, 0x0000022143d38120,
0x0000022143cc9b50, 0x0000022143c87990, 0x0000022143b67900, 0x0000022143b67e10,
0x0000022143b68320, 0x0000022143b69760, 0x0000022143b6a690, 0x0000022143b68d40,
0x0000022143b6a180, 0x0000022143b69250, 0x0000022143b66ee0, 0x0000022143b673f0
}

Java Threads: ( => current thread )
  0x00000221286505c0 JavaThread "main" [_thread_blocked, id=1760, stack(0x000000c7f5f00000,0x000000c7f6000000)]
  0x000002213c4dc9e0 JavaThread "Reference Handler" daemon [_thread_blocked, id=15056, stack(0x000000c7f6200000,0x000000c7f6300000)]
  0x00000221417e4460 JavaThread "Finalizer" daemon [_thread_blocked, id=7016, stack(0x000000c7f6300000,0x000000c7f6400000)]
  0x00000221417f4bb0 JavaThread "Signal Dispatcher" daemon [_thread_blocked, id=14588, stack(0x000000c7f6400000,0x000000c7f6500000)]
  0x00000221417f5580 JavaThread "Attach Listener" daemon [_thread_blocked, id=16716, stack(0x000000c7f6500000,0x000000c7f6600000)]
  0x00000221417f8060 JavaThread "Service Thread" daemon [_thread_blocked, id=19140, stack(0x000000c7f6600000,0x000000c7f6700000)]
  0x00000221417f8b30 JavaThread "Monitor Deflation Thread" daemon [_thread_blocked, id=24740, stack(0x000000c7f6700000,0x000000c7f6800000)]
=>0x00000221418283e0 JavaThread "C2 CompilerThread0" daemon [_thread_in_native, id=6540, stack(0x000000c7f6800000,0x000000c7f6900000)]
  0x000002214182edb0 JavaThread "C1 CompilerThread0" daemon [_thread_in_native, id=14344, stack(0x000000c7f6900000,0x000000c7f6a00000)]
  0x0000022141846de0 JavaThread "Sweeper thread" daemon [_thread_blocked, id=19564, stack(0x000000c7f6a00000,0x000000c7f6b00000)]
  0x00000221286b43d0 JavaThread "Common-Cleaner" daemon [_thread_blocked, id=22400, stack(0x000000c7f6b00000,0x000000c7f6c00000)]
  0x0000022141b3dac0 JavaThread "Notification Thread" daemon [_thread_blocked, id=19012, stack(0x000000c7f6c00000,0x000000c7f6d00000)]
  0x0000022143384c00 JavaThread "Active Thread: Equinox Container: 2d59ebe9-0226-4dea-8aa5-f63b3892f45f" [_thread_blocked, id=22008, stack(0x000000c7f7400000,0x000000c7f7500000)]
  0x000002214343d7b0 JavaThread "Framework Event Dispatcher: Equinox Container: 2d59ebe9-0226-4dea-8aa5-f63b3892f45f" daemon [_thread_blocked, id=8964, stack(0x000000c7f7500000,0x000000c7f7600000)]
  0x000002214343df60 JavaThread "Start Level: Equinox Container: 2d59ebe9-0226-4dea-8aa5-f63b3892f45f" daemon [_thread_blocked, id=19112, stack(0x000000c7f7600000,0x000000c7f7700000)]
  0x0000022143d38120 JavaThread "Bundle File Closer" daemon [_thread_blocked, id=20816, stack(0x000000c7f7800000,0x000000c7f7900000)]
  0x0000022143cc9b50 JavaThread "SCR Component Actor" daemon [_thread_blocked, id=14408, stack(0x000000c7f7900000,0x000000c7f7a00000)]
  0x0000022143c87990 JavaThread "SCR Component Registry" daemon [_thread_blocked, id=24516, stack(0x000000c7f7c00000,0x000000c7f7d00000)]
  0x0000022143b67900 JavaThread "Worker-JM" [_thread_blocked, id=4152, stack(0x000000c7f7d00000,0x000000c7f7e00000)]
  0x0000022143b67e10 JavaThread "Worker-0: Building" [_thread_in_Java, id=23916, stack(0x000000c7f7e00000,0x000000c7f7f00000)]
  0x0000022143b68320 JavaThread "Worker-1: Updating Maven Dependencies" [_thread_blocked, id=1964, stack(0x000000c7f7f00000,0x000000c7f8000000)]
  0x0000022143b69760 JavaThread "Worker-2: Repository registry initialization" [_thread_in_vm, id=24712, stack(0x000000c7f8000000,0x000000c7f8100000)]
  0x0000022143b6a690 JavaThread "Java indexing" daemon [_thread_blocked, id=1252, stack(0x000000c7f8100000,0x000000c7f8200000)]
  0x0000022143b68d40 JavaThread "JNA Cleaner" daemon [_thread_blocked, id=17860, stack(0x000000c7f8200000,0x000000c7f8300000)]
  0x0000022143b6a180 JavaThread "Worker-3" [_thread_blocked, id=22960, stack(0x000000c7f8300000,0x000000c7f8400000)]
  0x0000022143b69250 JavaThread "pool-2-thread-1" [_thread_blocked, id=11020, stack(0x000000c7f8400000,0x000000c7f8500000)]
  0x0000022143b66ee0 JavaThread "WorkspaceEventsHandler" [_thread_blocked, id=24720, stack(0x000000c7f8500000,0x000000c7f8600000)]
  0x0000022143b673f0 JavaThread "pool-1-thread-1" [_thread_blocked, id=23188, stack(0x000000c7f8600000,0x000000c7f8700000)]

Other Threads:
  0x00000221286fec10 VMThread "VM Thread" [stack: 0x000000c7f6100000,0x000000c7f6200000] [id=4156]
  0x0000022141acf510 WatcherThread [stack: 0x000000c7f6d00000,0x000000c7f6e00000] [id=16912]
  0x00000221286625a0 GCTaskThread "GC Thread#0" [stack: 0x000000c7f6000000,0x000000c7f6100000] [id=11048]
  0x0000022142f8eee0 GCTaskThread "GC Thread#1" [stack: 0x000000c7f6e00000,0x000000c7f6f00000] [id=2360]
  0x000002214357df50 GCTaskThread "GC Thread#2" [stack: 0x000000c7f6f00000,0x000000c7f7000000] [id=24640]
  0x0000022142f4c930 GCTaskThread "GC Thread#3" [stack: 0x000000c7f7000000,0x000000c7f7100000] [id=24644]
  0x0000022142f4cbf0 GCTaskThread "GC Thread#4" [stack: 0x000000c7f7100000,0x000000c7f7200000] [id=25012]
  0x0000022143208880 GCTaskThread "GC Thread#5" [stack: 0x000000c7f7200000,0x000000c7f7300000] [id=19404]
  0x0000022143208b40 GCTaskThread "GC Thread#6" [stack: 0x000000c7f7300000,0x000000c7f7400000] [id=20140]
  0x00000221433eeeb0 GCTaskThread "GC Thread#7" [stack: 0x000000c7f7700000,0x000000c7f7800000] [id=18444]
  0x000002214387bbe0 GCTaskThread "GC Thread#8" [stack: 0x000000c7f7a00000,0x000000c7f7b00000] [id=24504]
  0x000002214387bea0 GCTaskThread "GC Thread#9" [stack: 0x000000c7f7b00000,0x000000c7f7c00000] [id=13332]

Threads with active compile tasks:
C2 CompilerThread0     5329 4732   !   4       sun.nio.cs.StreamDecoder::read (196 bytes)

VM state: not at safepoint (normal execution)

VM Mutex/Monitor currently owned by a thread: None

Heap address: 0x00000000c0000000, size: 1024 MB, Compressed Oops mode: 32-bit

CDS archive(s) not mapped
Compressed class space mapped at: 0x0000000100000000-0x0000000140000000, reserved size: 1073741824
Narrow klass base: 0x0000000000000000, Narrow klass shift: 3, Narrow klass range: 0x140000000

GC Precious Log:
 CPUs: 12 total, 12 available
 Memory: 7501M
 Large Page Support: Disabled
 NUMA Support: Disabled
 Compressed Oops: Enabled (32-bit)
 Alignments: Space 512K, Generation 512K, Heap 2M
 Heap Min Capacity: 100M
 Heap Initial Capacity: 100M
 Heap Max Capacity: 1G
 Pre-touch: Disabled
 Parallel Workers: 10

Heap:
 PSYoungGen      total 23040K, used 17507K [0x00000000eab00000, 0x00000000ec300000, 0x0000000100000000)
  eden space 21504K, 76% used [0x00000000eab00000,0x00000000ebb145b0,0x00000000ec000000)
  from space 1536K, 67% used [0x00000000ec080000,0x00000000ec184a30,0x00000000ec200000)
  to   space 1024K, 0% used [0x00000000ec200000,0x00000000ec200000,0x00000000ec300000)
 ParOldGen       total 68608K, used 27854K [0x00000000c0000000, 0x00000000c4300000, 0x00000000eab00000)
  object space 68608K, 40% used [0x00000000c0000000,0x00000000c1b33968,0x00000000c4300000)
 Metaspace       used 46128K, committed 47040K, reserved 1114112K
  class space    used 4802K, committed 5184K, reserved 1048576K

Card table byte_map: [0x0000022127fe0000,0x00000221281f0000] _byte_map_base: 0x00000221279e0000

Marking Bits: (ParMarkBitMap*) 0x00007ffcf602d7d0
 Begin Bits: [0x000002213a2e0000, 0x000002213b2e0000)
 End Bits:   [0x000002213b2e0000, 0x000002213c2e0000)

Polling page: 0x00000221265b0000

Metaspace:

Usage:
  Non-class:     40.36 MB used.
      Class:      4.69 MB used.
       Both:     45.05 MB used.

Virtual space:
  Non-class space:       64.00 MB reserved,      40.88 MB ( 64%) committed,  1 nodes.
      Class space:        1.00 GB reserved,       5.06 MB ( <1%) committed,  1 nodes.
             Both:        1.06 GB reserved,      45.94 MB (  4%) committed. 

Chunk freelists:
   Non-Class:  6.73 MB
       Class:  10.89 MB
        Both:  17.62 MB

MaxMetaspaceSize: unlimited
CompressedClassSpaceSize: 1.00 GB
Initial GC threshold: 21.00 MB
Current GC threshold: 58.38 MB
CDS: off
MetaspaceReclaimPolicy: balanced
 - commit_granule_bytes: 65536.
 - commit_granule_words: 8192.
 - virtual_space_node_default_size: 8388608.
 - enlarge_chunks_in_place: 1.
 - new_chunks_are_fully_committed: 0.
 - uncommit_free_chunks: 1.
 - use_allocation_guard: 0.
 - handle_deallocations: 1.


Internal statistics:

num_allocs_failed_limit: 6.
num_arena_births: 448.
num_arena_deaths: 14.
num_vsnodes_births: 2.
num_vsnodes_deaths: 0.
num_space_committed: 735.
num_space_uncommitted: 0.
num_chunks_returned_to_freelist: 20.
num_chunks_taken_from_freelist: 2140.
num_chunk_merges: 5.
num_chunk_splits: 1316.
num_chunks_enlarged: 768.
num_inconsistent_stats: 0.

CodeHeap 'non-profiled nmethods': size=120000Kb used=1841Kb max_used=1841Kb free=118159Kb
 bounds [0x0000022132db0000, 0x0000022133020000, 0x000002213a2e0000]
CodeHeap 'profiled nmethods': size=120000Kb used=10107Kb max_used=10107Kb free=109892Kb
 bounds [0x000002212b2e0000, 0x000002212bcc0000, 0x0000022132810000]
CodeHeap 'non-nmethods': size=5760Kb used=1284Kb max_used=1311Kb free=4476Kb
 bounds [0x0000022132810000, 0x0000022132a80000, 0x0000022132db0000]
 total_blobs=5473 nmethods=4860 adapters=526
 compilation: enabled
              stopped_count=0, restarted_count=0
 full_count=0

Compilation events (20 events):
Event: 5.290 Thread 0x000002214182edb0 4893       2       com.google.inject.internal.MoreTypes::equals (282 bytes)
Event: 5.290 Thread 0x000002214182edb0 nmethod 4893 0x000002212bca9090 code [0x000002212bca9400, 0x000002212bcaa328]
Event: 5.293 Thread 0x000002214182edb0 4894   !   2       java.util.regex.Pattern::closure (276 bytes)
Event: 5.295 Thread 0x000002214182edb0 nmethod 4894 0x000002212bcaa910 code [0x000002212bcaac00, 0x000002212bcab748]
Event: 5.296 Thread 0x000002214182edb0 4895       3       org.eclipse.sisu.space.asm.ClassReader::readUTF (193 bytes)
Event: 5.297 Thread 0x000002214182edb0 nmethod 4895 0x000002212bcabe10 code [0x000002212bcabfe0, 0x000002212bcac508]
Event: 5.298 Thread 0x000002214182edb0 4896       2       com.google.common.collect.Hashing::smear (19 bytes)
Event: 5.298 Thread 0x000002214182edb0 nmethod 4896 0x000002212bcac710 code [0x000002212bcac8a0, 0x000002212bcac9b8]
Event: 5.298 Thread 0x000002214182edb0 4897       2       java.lang.Integer::rotateLeft (9 bytes)
Event: 5.298 Thread 0x000002214182edb0 nmethod 4897 0x000002212bcaca90 code [0x000002212bcacc20, 0x000002212bcacd18]
Event: 5.301 Thread 0x000002214182edb0 4898       2       jdk.internal.loader.AbstractClassLoaderValue$Sub::equals (55 bytes)
Event: 5.301 Thread 0x000002214182edb0 nmethod 4898 0x000002212bcacd90 code [0x000002212bcacf60, 0x000002212bcad218]
Event: 5.302 Thread 0x000002214182edb0 4899       2       java.lang.NamedPackage::<init> (59 bytes)
Event: 5.302 Thread 0x000002214182edb0 nmethod 4899 0x000002212bcad310 code [0x000002212bcad520, 0x000002212bcad918]
Event: 5.302 Thread 0x000002214182edb0 4900       2       java.lang.invoke.MethodHandles$Lookup::checkMethod (87 bytes)
Event: 5.302 Thread 0x000002214182edb0 nmethod 4900 0x000002212bcadc10 code [0x000002212bcaddc0, 0x000002212bcadff8]
Event: 5.302 Thread 0x000002214182edb0 4901       2       java.lang.invoke.MethodHandles$Lookup::maybeBindCaller (72 bytes)
Event: 5.303 Thread 0x000002214182edb0 nmethod 4901 0x000002212bcae190 code [0x000002212bcae360, 0x000002212bcae688]
Event: 5.303 Thread 0x000002214182edb0 4902       2       java.lang.Class::forName (15 bytes)
Event: 5.303 Thread 0x000002214182edb0 nmethod 4902 0x000002212bcae890 code [0x000002212bcaea40, 0x000002212bcaeb98]

GC Heap History (20 events):
Event: 4.591 GC heap before
{Heap before GC invocations=12 (full 2):
 PSYoungGen      total 25088K, used 1015K [0x00000000eab00000, 0x00000000ecb80000, 0x0000000100000000)
  eden space 24064K, 0% used [0x00000000eab00000,0x00000000eab00000,0x00000000ec280000)
  from space 1024K, 99% used [0x00000000ec780000,0x00000000ec87dd38,0x00000000ec880000)
  to   space 4608K, 0% used [0x00000000ec280000,0x00000000ec280000,0x00000000ec700000)
 ParOldGen       total 68608K, used 15532K [0x00000000c0000000, 0x00000000c4300000, 0x00000000eab00000)
  object space 68608K, 22% used [0x00000000c0000000,0x00000000c0f2b2c8,0x00000000c4300000)
 Metaspace       used 35051K, committed 35840K, reserved 1114112K
  class space    used 3450K, committed 3776K, reserved 1048576K
}
Event: 4.621 GC heap after
{Heap after GC invocations=12 (full 2):
 PSYoungGen      total 25088K, used 0K [0x00000000eab00000, 0x00000000ecb80000, 0x0000000100000000)
  eden space 24064K, 0% used [0x00000000eab00000,0x00000000eab00000,0x00000000ec280000)
  from space 1024K, 0% used [0x00000000ec780000,0x00000000ec780000,0x00000000ec880000)
  to   space 4608K, 0% used [0x00000000ec280000,0x00000000ec280000,0x00000000ec700000)
 ParOldGen       total 68608K, used 14857K [0x00000000c0000000, 0x00000000c4300000, 0x00000000eab00000)
  object space 68608K, 21% used [0x00000000c0000000,0x00000000c0e827b8,0x00000000c4300000)
 Metaspace       used 35038K, committed 35840K, reserved 1114112K
  class space    used 3446K, committed 3776K, reserved 1048576K
}
Event: 4.856 GC heap before
{Heap before GC invocations=13 (full 2):
 PSYoungGen      total 25088K, used 24064K [0x00000000eab00000, 0x00000000ecb80000, 0x0000000100000000)
  eden space 24064K, 100% used [0x00000000eab00000,0x00000000ec280000,0x00000000ec280000)
  from space 1024K, 0% used [0x00000000ec780000,0x00000000ec780000,0x00000000ec880000)
  to   space 4608K, 0% used [0x00000000ec280000,0x00000000ec280000,0x00000000ec700000)
 ParOldGen       total 68608K, used 14857K [0x00000000c0000000, 0x00000000c4300000, 0x00000000eab00000)
  object space 68608K, 21% used [0x00000000c0000000,0x00000000c0e827b8,0x00000000c4300000)
 Metaspace       used 37285K, committed 38208K, reserved 1114112K
  class space    used 3699K, committed 4096K, reserved 1048576K
}
Event: 4.858 GC heap after
{Heap after GC invocations=13 (full 2):
 PSYoungGen      total 25600K, used 1881K [0x00000000eab00000, 0x00000000ec800000, 0x0000000100000000)
  eden space 23552K, 0% used [0x00000000eab00000,0x00000000eab00000,0x00000000ec200000)
  from space 2048K, 91% used [0x00000000ec280000,0x00000000ec4564b0,0x00000000ec480000)
  to   space 3072K, 0% used [0x00000000ec500000,0x00000000ec500000,0x00000000ec800000)
 ParOldGen       total 68608K, used 14865K [0x00000000c0000000, 0x00000000c4300000, 0x00000000eab00000)
  object space 68608K, 21% used [0x00000000c0000000,0x00000000c0e847b8,0x00000000c4300000)
 Metaspace       used 37285K, committed 38208K, reserved 1114112K
  class space    used 3699K, committed 4096K, reserved 1048576K
}
Event: 4.914 GC heap before
{Heap before GC invocations=14 (full 2):
 PSYoungGen      total 25600K, used 25427K [0x00000000eab00000, 0x00000000ec800000, 0x0000000100000000)
  eden space 23552K, 99% used [0x00000000eab00000,0x00000000ec1fe898,0x00000000ec200000)
  from space 2048K, 91% used [0x00000000ec280000,0x00000000ec4564b0,0x00000000ec480000)
  to   space 3072K, 0% used [0x00000000ec500000,0x00000000ec500000,0x00000000ec800000)
 ParOldGen       total 68608K, used 14865K [0x00000000c0000000, 0x00000000c4300000, 0x00000000eab00000)
  object space 68608K, 21% used [0x00000000c0000000,0x00000000c0e847b8,0x00000000c4300000)
 Metaspace       used 38255K, committed 39104K, reserved 1114112K
  class space    used 3810K, committed 4160K, reserved 1048576K
}
Event: 4.917 GC heap after
{Heap after GC invocations=14 (full 2):
 PSYoungGen      total 25088K, used 2019K [0x00000000eab00000, 0x00000000ec700000, 0x0000000100000000)
  eden space 23040K, 0% used [0x00000000eab00000,0x00000000eab00000,0x00000000ec180000)
  from space 2048K, 98% used [0x00000000ec500000,0x00000000ec6f8ed8,0x00000000ec700000)
  to   space 2560K, 0% used [0x00000000ec200000,0x00000000ec200000,0x00000000ec480000)
 ParOldGen       total 68608K, used 16568K [0x00000000c0000000, 0x00000000c4300000, 0x00000000eab00000)
  object space 68608K, 24% used [0x00000000c0000000,0x00000000c102e3f8,0x00000000c4300000)
 Metaspace       used 38255K, committed 39104K, reserved 1114112K
  class space    used 3810K, committed 4160K, reserved 1048576K
}
Event: 4.964 GC heap before
{Heap before GC invocations=15 (full 2):
 PSYoungGen      total 25088K, used 25059K [0x00000000eab00000, 0x00000000ec700000, 0x0000000100000000)
  eden space 23040K, 100% used [0x00000000eab00000,0x00000000ec180000,0x00000000ec180000)
  from space 2048K, 98% used [0x00000000ec500000,0x00000000ec6f8ed8,0x00000000ec700000)
  to   space 2560K, 0% used [0x00000000ec200000,0x00000000ec200000,0x00000000ec480000)
 ParOldGen       total 68608K, used 16568K [0x00000000c0000000, 0x00000000c4300000, 0x00000000eab00000)
  object space 68608K, 24% used [0x00000000c0000000,0x00000000c102e3f8,0x00000000c4300000)
 Metaspace       used 39223K, committed 40128K, reserved 1114112K
  class space    used 3924K, committed 4288K, reserved 1048576K
}
Event: 4.967 GC heap after
{Heap after GC invocations=15 (full 2):
 PSYoungGen      total 24576K, used 1974K [0x00000000eab00000, 0x00000000ec580000, 0x0000000100000000)
  eden space 22528K, 0% used [0x00000000eab00000,0x00000000eab00000,0x00000000ec100000)
  from space 2048K, 96% used [0x00000000ec200000,0x00000000ec3ed9e0,0x00000000ec400000)
  to   space 1536K, 0% used [0x00000000ec400000,0x00000000ec400000,0x00000000ec580000)
 ParOldGen       total 68608K, used 18404K [0x00000000c0000000, 0x00000000c4300000, 0x00000000eab00000)
  object space 68608K, 26% used [0x00000000c0000000,0x00000000c11f9150,0x00000000c4300000)
 Metaspace       used 39223K, committed 40128K, reserved 1114112K
  class space    used 3924K, committed 4288K, reserved 1048576K
}
Event: 5.021 GC heap before
{Heap before GC invocations=16 (full 2):
 PSYoungGen      total 24576K, used 24502K [0x00000000eab00000, 0x00000000ec580000, 0x0000000100000000)
  eden space 22528K, 100% used [0x00000000eab00000,0x00000000ec100000,0x00000000ec100000)
  from space 2048K, 96% used [0x00000000ec200000,0x00000000ec3ed9e0,0x00000000ec400000)
  to   space 1536K, 0% used [0x00000000ec400000,0x00000000ec400000,0x00000000ec580000)
 ParOldGen       total 68608K, used 18404K [0x00000000c0000000, 0x00000000c4300000, 0x00000000eab00000)
  object space 68608K, 26% used [0x00000000c0000000,0x00000000c11f9150,0x00000000c4300000)
 Metaspace       used 40403K, committed 41280K, reserved 1114112K
  class space    used 4073K, committed 4416K, reserved 1048576K
}
Event: 5.023 GC heap after
{Heap after GC invocations=16 (full 2):
 PSYoungGen      total 23040K, used 1504K [0x00000000eab00000, 0x00000000ec880000, 0x0000000100000000)
  eden space 21504K, 0% used [0x00000000eab00000,0x00000000eab00000,0x00000000ec000000)
  from space 1536K, 97% used [0x00000000ec400000,0x00000000ec578010,0x00000000ec580000)
  to   space 4096K, 0% used [0x00000000ec000000,0x00000000ec000000,0x00000000ec400000)
 ParOldGen       total 68608K, used 20297K [0x00000000c0000000, 0x00000000c4300000, 0x00000000eab00000)
  object space 68608K, 29% used [0x00000000c0000000,0x00000000c13d2560,0x00000000c4300000)
 Metaspace       used 40403K, committed 41280K, reserved 1114112K
  class space    used 4073K, committed 4416K, reserved 1048576K
}
Event: 5.050 GC heap before
{Heap before GC invocations=17 (full 2):
 PSYoungGen      total 23040K, used 23008K [0x00000000eab00000, 0x00000000ec880000, 0x0000000100000000)
  eden space 21504K, 100% used [0x00000000eab00000,0x00000000ec000000,0x00000000ec000000)
  from space 1536K, 97% used [0x00000000ec400000,0x00000000ec578010,0x00000000ec580000)
  to   space 4096K, 0% used [0x00000000ec000000,0x00000000ec000000,0x00000000ec400000)
 ParOldGen       total 68608K, used 20297K [0x00000000c0000000, 0x00000000c4300000, 0x00000000eab00000)
  object space 68608K, 29% used [0x00000000c0000000,0x00000000c13d2560,0x00000000c4300000)
 Metaspace       used 40976K, committed 41856K, reserved 1114112K
  class space    used 4162K, committed 4544K, reserved 1048576K
}
Event: 5.052 GC heap after
{Heap after GC invocations=17 (full 2):
 PSYoungGen      total 23552K, used 1760K [0x00000000eab00000, 0x00000000ec500000, 0x0000000100000000)
  eden space 21504K, 0% used [0x00000000eab00000,0x00000000eab00000,0x00000000ec000000)
  from space 2048K, 85% used [0x00000000ec000000,0x00000000ec1b8000,0x00000000ec200000)
  to   space 2560K, 0% used [0x00000000ec280000,0x00000000ec280000,0x00000000ec500000)
 ParOldGen       total 68608K, used 21846K [0x00000000c0000000, 0x00000000c4300000, 0x00000000eab00000)
  object space 68608K, 31% used [0x00000000c0000000,0x00000000c1555948,0x00000000c4300000)
 Metaspace       used 40976K, committed 41856K, reserved 1114112K
  class space    used 4162K, committed 4544K, reserved 1048576K
}
Event: 5.078 GC heap before
{Heap before GC invocations=18 (full 2):
 PSYoungGen      total 23552K, used 23264K [0x00000000eab00000, 0x00000000ec500000, 0x0000000100000000)
  eden space 21504K, 100% used [0x00000000eab00000,0x00000000ec000000,0x00000000ec000000)
  from space 2048K, 85% used [0x00000000ec000000,0x00000000ec1b8000,0x00000000ec200000)
  to   space 2560K, 0% used [0x00000000ec280000,0x00000000ec280000,0x00000000ec500000)
 ParOldGen       total 68608K, used 21846K [0x00000000c0000000, 0x00000000c4300000, 0x00000000eab00000)
  object space 68608K, 31% used [0x00000000c0000000,0x00000000c1555948,0x00000000c4300000)
 Metaspace       used 41407K, committed 42368K, reserved 1114112K
  class space    used 4234K, committed 4672K, reserved 1048576K
}
Event: 5.081 GC heap after
{Heap after GC invocations=18 (full 2):
 PSYoungGen      total 23552K, used 1696K [0x00000000eab00000, 0x00000000ec480000, 0x0000000100000000)
  eden space 21504K, 0% used [0x00000000eab00000,0x00000000eab00000,0x00000000ec000000)
  from space 2048K, 82% used [0x00000000ec280000,0x00000000ec428000,0x00000000ec480000)
  to   space 2048K, 0% used [0x00000000ec000000,0x00000000ec000000,0x00000000ec200000)
 ParOldGen       total 68608K, used 23414K [0x00000000c0000000, 0x00000000c4300000, 0x00000000eab00000)
  object space 68608K, 34% used [0x00000000c0000000,0x00000000c16dd948,0x00000000c4300000)
 Metaspace       used 41407K, committed 42368K, reserved 1114112K
  class space    used 4234K, committed 4672K, reserved 1048576K
}
Event: 5.104 GC heap before
{Heap before GC invocations=19 (full 2):
 PSYoungGen      total 23552K, used 23200K [0x00000000eab00000, 0x00000000ec480000, 0x0000000100000000)
  eden space 21504K, 100% used [0x00000000eab00000,0x00000000ec000000,0x00000000ec000000)
  from space 2048K, 82% used [0x00000000ec280000,0x00000000ec428000,0x00000000ec480000)
  to   space 2048K, 0% used [0x00000000ec000000,0x00000000ec000000,0x00000000ec200000)
 ParOldGen       total 68608K, used 23414K [0x00000000c0000000, 0x00000000c4300000, 0x00000000eab00000)
  object space 68608K, 34% used [0x00000000c0000000,0x00000000c16dd948,0x00000000c4300000)
 Metaspace       used 41943K, committed 42944K, reserved 1114112K
  class space    used 4301K, committed 4736K, reserved 1048576K
}
Event: 5.107 GC heap after
{Heap after GC invocations=19 (full 2):
 PSYoungGen      total 23552K, used 1952K [0x00000000eab00000, 0x00000000ec400000, 0x0000000100000000)
  eden space 21504K, 0% used [0x00000000eab00000,0x00000000eab00000,0x00000000ec000000)
  from space 2048K, 95% used [0x00000000ec000000,0x00000000ec1e8010,0x00000000ec200000)
  to   space 2048K, 0% used [0x00000000ec200000,0x00000000ec200000,0x00000000ec400000)
 ParOldGen       total 68608K, used 24974K [0x00000000c0000000, 0x00000000c4300000, 0x00000000eab00000)
  object space 68608K, 36% used [0x00000000c0000000,0x00000000c1863948,0x00000000c4300000)
 Metaspace       used 41943K, committed 42944K, reserved 1114112K
  class space    used 4301K, committed 4736K, reserved 1048576K
}
Event: 5.141 GC heap before
{Heap before GC invocations=20 (full 2):
 PSYoungGen      total 23552K, used 23456K [0x00000000eab00000, 0x00000000ec400000, 0x0000000100000000)
  eden space 21504K, 100% used [0x00000000eab00000,0x00000000ec000000,0x00000000ec000000)
  from space 2048K, 95% used [0x00000000ec000000,0x00000000ec1e8010,0x00000000ec200000)
  to   space 2048K, 0% used [0x00000000ec200000,0x00000000ec200000,0x00000000ec400000)
 ParOldGen       total 68608K, used 24974K [0x00000000c0000000, 0x00000000c4300000, 0x00000000eab00000)
  object space 68608K, 36% used [0x00000000c0000000,0x00000000c1863948,0x00000000c4300000)
 Metaspace       used 42562K, committed 43584K, reserved 1114112K
  class space    used 4392K, committed 4864K, reserved 1048576K
}
Event: 5.143 GC heap after
{Heap after GC invocations=20 (full 2):
 PSYoungGen      total 23040K, used 1280K [0x00000000eab00000, 0x00000000ec380000, 0x0000000100000000)
  eden space 21504K, 0% used [0x00000000eab00000,0x00000000eab00000,0x00000000ec000000)
  from space 1536K, 83% used [0x00000000ec200000,0x00000000ec340000,0x00000000ec380000)
  to   space 1536K, 0% used [0x00000000ec080000,0x00000000ec080000,0x00000000ec200000)
 ParOldGen       total 68608K, used 26702K [0x00000000c0000000, 0x00000000c4300000, 0x00000000eab00000)
  object space 68608K, 38% used [0x00000000c0000000,0x00000000c1a13958,0x00000000c4300000)
 Metaspace       used 42562K, committed 43584K, reserved 1114112K
  class space    used 4392K, committed 4864K, reserved 1048576K
}
Event: 5.221 GC heap before
{Heap before GC invocations=21 (full 2):
 PSYoungGen      total 23040K, used 22780K [0x00000000eab00000, 0x00000000ec380000, 0x0000000100000000)
  eden space 21504K, 99% used [0x00000000eab00000,0x00000000ebfff080,0x00000000ec000000)
  from space 1536K, 83% used [0x00000000ec200000,0x00000000ec340000,0x00000000ec380000)
  to   space 1536K, 0% used [0x00000000ec080000,0x00000000ec080000,0x00000000ec200000)
 ParOldGen       total 68608K, used 26718K [0x00000000c0000000, 0x00000000c4300000, 0x00000000eab00000)
  object space 68608K, 38% used [0x00000000c0000000,0x00000000c1a17968,0x00000000c4300000)
 Metaspace       used 44245K, committed 45120K, reserved 1114112K
  class space    used 4582K, committed 4992K, reserved 1048576K
}
Event: 5.224 GC heap after
{Heap after GC invocations=21 (full 2):
 PSYoungGen      total 23040K, used 1042K [0x00000000eab00000, 0x00000000ec300000, 0x0000000100000000)
  eden space 21504K, 0% used [0x00000000eab00000,0x00000000eab00000,0x00000000ec000000)
  from space 1536K, 67% used [0x00000000ec080000,0x00000000ec184a30,0x00000000ec200000)
  to   space 1024K, 0% used [0x00000000ec200000,0x00000000ec200000,0x00000000ec300000)
 ParOldGen       total 68608K, used 27854K [0x00000000c0000000, 0x00000000c4300000, 0x00000000eab00000)
  object space 68608K, 40% used [0x00000000c0000000,0x00000000c1b33968,0x00000000c4300000)
 Metaspace       used 44245K, committed 45120K, reserved 1114112K
  class space    used 4582K, committed 4992K, reserved 1048576K
}

Dll operation events (10 events):
Event: 0.041 Loaded shared library c:\Users\HP\.vscode\extensions\redhat.java-1.28.1-win32-x64\jre\17.0.10-win32-x86_64\bin\java.dll
Event: 0.353 Loaded shared library c:\Users\HP\.vscode\extensions\redhat.java-1.28.1-win32-x64\jre\17.0.10-win32-x86_64\bin\zip.dll
Event: 0.362 Loaded shared library C:\Users\HP\.vscode\extensions\redhat.java-1.28.1-win32-x64\jre\17.0.10-win32-x86_64\bin\instrument.dll
Event: 0.388 Loaded shared library C:\Users\HP\.vscode\extensions\redhat.java-1.28.1-win32-x64\jre\17.0.10-win32-x86_64\bin\net.dll
Event: 0.392 Loaded shared library C:\Users\HP\.vscode\extensions\redhat.java-1.28.1-win32-x64\jre\17.0.10-win32-x86_64\bin\nio.dll
Event: 0.405 Loaded shared library C:\Users\HP\.vscode\extensions\redhat.java-1.28.1-win32-x64\jre\17.0.10-win32-x86_64\bin\zip.dll
Event: 0.436 Loaded shared library C:\Users\HP\.vscode\extensions\redhat.java-1.28.1-win32-x64\jre\17.0.10-win32-x86_64\bin\jimage.dll
Event: 0.558 Loaded shared library c:\Users\HP\.vscode\extensions\redhat.java-1.28.1-win32-x64\jre\17.0.10-win32-x86_64\bin\verify.dll
Event: 1.672 Loaded shared library C:\Users\HP\AppData\Roaming\Code\User\globalStorage\redhat.java\1.28.1\config_win\org.eclipse.equinox.launcher\org.eclipse.equinox.launcher.win32.win32.x86_64_1.2.900.v20240129-1338\eclipse_11900.dll
Event: 4.842 Loaded shared library C:\Users\HP\AppData\Local\Temp\jna-2312\jna16608190687720808398.dll

Deoptimization events (20 events):
Event: 5.224 Thread 0x0000022143b69760 DEOPT PACKING pc=0x0000022132f14a50 sp=0x000000c7f80fe0e0
Event: 5.224 Thread 0x0000022143b69760 DEOPT UNPACKING pc=0x00000221328666a3 sp=0x000000c7f80fe008 mode 2
Event: 5.247 Thread 0x0000022143b69760 Uncommon trap: trap_request=0xffffff66 fr.pc=0x0000022132f1527c relative=0x00000000000000dc
Event: 5.247 Thread 0x0000022143b69760 Uncommon trap: reason=speculate_class_check action=maybe_recompile pc=0x0000022132f1527c method=java.util.regex.Pattern$CharPredicate.lambda$negate$3(I)Z @ 2 c2
Event: 5.247 Thread 0x0000022143b69760 DEOPT PACKING pc=0x0000022132f1527c sp=0x000000c7f80fe220
Event: 5.247 Thread 0x0000022143b69760 DEOPT UNPACKING pc=0x00000221328666a3 sp=0x000000c7f80fe140 mode 2
Event: 5.247 Thread 0x0000022143b69760 Uncommon trap: trap_request=0xffffff66 fr.pc=0x0000022132f1527c relative=0x00000000000000dc
Event: 5.247 Thread 0x0000022143b69760 Uncommon trap: reason=speculate_class_check action=maybe_recompile pc=0x0000022132f1527c method=java.util.regex.Pattern$CharPredicate.lambda$negate$3(I)Z @ 2 c2
Event: 5.247 Thread 0x0000022143b69760 DEOPT PACKING pc=0x0000022132f1527c sp=0x000000c7f80fe220
Event: 5.247 Thread 0x0000022143b69760 DEOPT UNPACKING pc=0x00000221328666a3 sp=0x000000c7f80fe140 mode 2
Event: 5.247 Thread 0x0000022143b69760 Uncommon trap: trap_request=0xffffff66 fr.pc=0x0000022132f1527c relative=0x00000000000000dc
Event: 5.247 Thread 0x0000022143b69760 Uncommon trap: reason=speculate_class_check action=maybe_recompile pc=0x0000022132f1527c method=java.util.regex.Pattern$CharPredicate.lambda$negate$3(I)Z @ 2 c2
Event: 5.247 Thread 0x0000022143b69760 DEOPT PACKING pc=0x0000022132f1527c sp=0x000000c7f80fe220
Event: 5.247 Thread 0x0000022143b69760 DEOPT UNPACKING pc=0x00000221328666a3 sp=0x000000c7f80fe140 mode 2
Event: 5.247 Thread 0x0000022143b69760 Uncommon trap: trap_request=0xffffff66 fr.pc=0x0000022132f1527c relative=0x00000000000000dc
Event: 5.247 Thread 0x0000022143b69760 Uncommon trap: reason=speculate_class_check action=maybe_recompile pc=0x0000022132f1527c method=java.util.regex.Pattern$CharPredicate.lambda$negate$3(I)Z @ 2 c2
Event: 5.247 Thread 0x0000022143b69760 DEOPT PACKING pc=0x0000022132f1527c sp=0x000000c7f80fe220
Event: 5.247 Thread 0x0000022143b69760 DEOPT UNPACKING pc=0x00000221328666a3 sp=0x000000c7f80fe140 mode 2
Event: 5.296 Thread 0x0000022143b69760 DEOPT PACKING pc=0x000002212bca01d9 sp=0x000000c7f80fe140
Event: 5.296 Thread 0x0000022143b69760 DEOPT UNPACKING pc=0x0000022132866e43 sp=0x000000c7f80fd598 mode 0

Classes unloaded (7 events):
Event: 4.596 Thread 0x00000221286fec10 Unloading class 0x0000000100250400 'java/lang/invoke/LambdaForm$MH+0x0000000100250400'
Event: 4.596 Thread 0x00000221286fec10 Unloading class 0x0000000100250000 'java/lang/invoke/LambdaForm$MH+0x0000000100250000'
Event: 4.596 Thread 0x00000221286fec10 Unloading class 0x000000010024fc00 'java/lang/invoke/LambdaForm$MH+0x000000010024fc00'
Event: 4.596 Thread 0x00000221286fec10 Unloading class 0x000000010024f800 'java/lang/invoke/LambdaForm$MH+0x000000010024f800'
Event: 4.596 Thread 0x00000221286fec10 Unloading class 0x000000010024f400 'java/lang/invoke/LambdaForm$BMH+0x000000010024f400'
Event: 4.596 Thread 0x00000221286fec10 Unloading class 0x000000010024f000 'java/lang/invoke/LambdaForm$DMH+0x000000010024f000'
Event: 4.596 Thread 0x00000221286fec10 Unloading class 0x000000010024c400 'java/lang/invoke/LambdaForm$DMH+0x000000010024c400'

Classes redefined (0 events):
No events

Internal exceptions (20 events):
Event: 4.709 Thread 0x0000022143b67e10 Exception <a 'java/lang/NoSuchMethodError'{0x00000000eb1d3308}: 'java.lang.Object java.lang.invoke.Invokers$Holder.invoke_MT(java.lang.Object, java.lang.Object, java.lang.Object)'> (0x00000000eb1d3308) 
thrown [s\src\hotspot\share\interpreter\linkResolver.cpp, line 759]
Event: 4.715 Thread 0x000002214343df60 Exception <a 'java/io/FileNotFoundException'{0x00000000eb18e7e8}> (0x00000000eb18e7e8) 
thrown [s\src\hotspot\share\prims\jni.cpp, line 516]
Event: 4.872 Thread 0x0000022143b68320 Exception <a 'java/lang/NoSuchMethodError'{0x00000000eb1ddaf8}: 'void java.lang.invoke.DirectMethodHandle$Holder.invokeStatic(java.lang.Object, java.lang.Object, java.lang.Object, java.lang.Object)'> (0x00000000eb1ddaf8) 
thrown [s\src\hotspot\share\interpreter\linkResolver.cpp, line 759]
Event: 4.873 Thread 0x000002214343df60 Exception <a 'java/lang/UnsatisfiedLinkError'{0x00000000eb2442a8}: The specified procedure could not be found.
> (0x00000000eb2442a8) 
thrown [s\src\hotspot\share\prims\jni.cpp, line 535]
Event: 4.878 Thread 0x000002214343df60 Exception <a 'java/io/FileNotFoundException'{0x00000000eb26b548}> (0x00000000eb26b548) 
thrown [s\src\hotspot\share\prims\jni.cpp, line 516]
Event: 4.887 Thread 0x000002214343df60 Exception <a 'java/io/FileNotFoundException'{0x00000000eb85cb20}> (0x00000000eb85cb20) 
thrown [s\src\hotspot\share\prims\jni.cpp, line 516]
Event: 4.888 Thread 0x0000022143b67e10 Exception <a 'java/io/FileNotFoundException'{0x00000000eb8b25a8}> (0x00000000eb8b25a8) 
thrown [s\src\hotspot\share\prims\jni.cpp, line 516]
Event: 4.888 Thread 0x0000022143b67e10 Exception <a 'java/io/FileNotFoundException'{0x00000000eb8b3aa8}> (0x00000000eb8b3aa8) 
thrown [s\src\hotspot\share\prims\jni.cpp, line 516]
Event: 4.890 Thread 0x0000022143b67e10 Exception <a 'java/lang/NoSuchMethodError'{0x00000000eb941fe0}: 'void java.lang.invoke.DirectMethodHandle$Holder.invokeStaticInit(java.lang.Object, java.lang.Object, java.lang.Object)'> (0x00000000eb941fe0) 
thrown [s\src\hotspot\share\interpreter\linkResolver.cpp, line 759]
Event: 4.896 Thread 0x000002214343df60 Exception <a 'java/lang/UnsatisfiedLinkError'{0x00000000eb9b8d98}: The specified procedure could not be found.
> (0x00000000eb9b8d98) 
thrown [s\src\hotspot\share\prims\jni.cpp, line 535]
Event: 4.905 Thread 0x0000022143b69760 Exception <a 'java/lang/NoSuchMethodError'{0x00000000ebdc2098}: 'java.lang.Object java.lang.invoke.DirectMethodHandle$Holder.invokeSpecialIFC(java.lang.Object, java.lang.Object, java.lang.Object, java.lang.Object)'> (0x00000000ebdc2098) 
thrown [s\src\hotspot\share\interpreter\linkResolver.cpp, line 759]
Event: 4.913 Thread 0x00000221286505c0 Exception <a 'sun/nio/fs/WindowsException'{0x00000000ec1b0c58}> (0x00000000ec1b0c58) 
thrown [s\src\hotspot\share\prims\jni.cpp, line 516]
Event: 4.951 Thread 0x00000221286505c0 Exception <a 'java/lang/NoSuchMethodError'{0x00000000ebcb1b08}: 'java.lang.Object java.lang.invoke.DirectMethodHandle$Holder.invokeStatic(java.lang.Object, java.lang.Object, long, java.lang.Object)'> (0x00000000ebcb1b08) 
thrown [s\src\hotspot\share\interpreter\linkResolver.cpp, line 759]
Event: 4.952 Thread 0x00000221286505c0 Exception <a 'java/lang/NoSuchMethodError'{0x00000000ebcb73e8}: 'java.lang.Object java.lang.invoke.DirectMethodHandle$Holder.invokeStaticInit(java.lang.Object, java.lang.Object, long, java.lang.Object)'> (0x00000000ebcb73e8) 
thrown [s\src\hotspot\share\interpreter\linkResolver.cpp, line 759]
Event: 4.952 Thread 0x00000221286505c0 Exception <a 'java/lang/NoSuchMethodError'{0x00000000ebd06f10}: 'java.lang.Object java.lang.invoke.DirectMethodHandle$Holder.newInvokeSpecial(java.lang.Object, java.lang.Object, long)'> (0x00000000ebd06f10) 
thrown [s\src\hotspot\share\interpreter\linkResolver.cpp, line 759]
Event: 5.045 Thread 0x0000022143b69760 Exception <a 'java/lang/NoSuchMethodError'{0x00000000ebc456e0}: 'int java.lang.invoke.DirectMethodHandle$Holder.invokeSpecialIFC(java.lang.Object, java.lang.Object, java.lang.Object, java.lang.Object, java.lang.Object)'> (0x00000000ebc456e0) 
thrown [s\src\hotspot\share\interpreter\linkResolver.cpp, line 759]
Event: 5.139 Thread 0x00000221286505c0 Exception <a 'java/lang/NoSuchMethodError'{0x00000000ebf032e0}: 'void java.lang.invoke.DirectMethodHandle$Holder.invokeSpecial(java.lang.Object, java.lang.Object, java.lang.Object, java.lang.Object, java.lang.Object, java.lang.Object)'> (0x00000000ebf032e0) 
thrown [s\src\hotspot\share\interpreter\linkResolver.cpp, line 759]
Event: 5.140 Thread 0x00000221286505c0 Exception <a 'java/lang/IncompatibleClassChangeError'{0x00000000ebf71b38}: Found class java.lang.Object, but interface was expected> (0x00000000ebf71b38) 
thrown [s\src\hotspot\share\interpreter\linkResolver.cpp, line 826]
Event: 5.145 Thread 0x0000022143b67e10 Exception <a 'java/lang/NoSuchMethodError'{0x00000000eab0e040}: 'java.lang.Object java.lang.invoke.DirectMethodHandle$Holder.invokeVirtual(java.lang.Object, java.lang.Object, java.lang.Object)'> (0x00000000eab0e040) 
thrown [s\src\hotspot\share\interpreter\linkResolver.cpp, line 759]
Event: 5.145 Thread 0x0000022143b69760 Exception <a 'java/lang/NoClassDefFoundError'{0x00000000eab88e48}: javax/enterprise/inject/Typed> (0x00000000eab88e48) 
thrown [s\src\hotspot\share\classfile\systemDictionary.cpp, line 245]

VM Operations (20 events):
Event: 4.919 Executing VM operation: HandshakeAllThreads
Event: 4.919 Executing VM operation: HandshakeAllThreads done
Event: 4.964 Executing VM operation: ParallelGCFailedAllocation
Event: 4.967 Executing VM operation: ParallelGCFailedAllocation done
Event: 5.020 Executing VM operation: ParallelGCFailedAllocation
Event: 5.023 Executing VM operation: ParallelGCFailedAllocation done
Event: 5.050 Executing VM operation: ParallelGCFailedAllocation
Event: 5.052 Executing VM operation: ParallelGCFailedAllocation done
Event: 5.078 Executing VM operation: ParallelGCFailedAllocation
Event: 5.081 Executing VM operation: ParallelGCFailedAllocation done
Event: 5.104 Executing VM operation: ParallelGCFailedAllocation
Event: 5.107 Executing VM operation: ParallelGCFailedAllocation done
Event: 5.132 Executing VM operation: HandshakeAllThreads
Event: 5.133 Executing VM operation: HandshakeAllThreads done
Event: 5.141 Executing VM operation: ParallelGCFailedAllocation
Event: 5.143 Executing VM operation: ParallelGCFailedAllocation done
Event: 5.221 Executing VM operation: ParallelGCFailedAllocation
Event: 5.221 Executing VM operation: ParallelGCFailedAllocation done
Event: 5.221 Executing VM operation: ParallelGCSystemGC
Event: 5.224 Executing VM operation: ParallelGCSystemGC done

Events (20 events):
Event: 5.121 loading class java/util/concurrent/atomic/AtomicIntegerArray
Event: 5.121 loading class java/util/concurrent/atomic/AtomicIntegerArray done
Event: 5.123 loading class java/util/Currency
Event: 5.123 loading class java/util/Currency done
Event: 5.126 loading class java/util/concurrent/atomic/AtomicLongArray
Event: 5.126 loading class java/util/concurrent/atomic/AtomicLongArray done
Event: 5.135 loading class java/lang/Short$ShortCache
Event: 5.135 loading class java/lang/Short$ShortCache done
Event: 5.145 loading class java/lang/annotation/IncompleteAnnotationException
Event: 5.145 loading class java/lang/annotation/IncompleteAnnotationException done
Event: 5.156 loading class sun/util/locale/provider/DateFormatProviderImpl
Event: 5.157 loading class sun/util/locale/provider/DateFormatProviderImpl done
Event: 5.164 Thread 0x0000022143b66ee0 Thread added: 0x0000022143b66ee0
Event: 5.165 Thread 0x0000022143b673f0 Thread added: 0x0000022143b673f0
Event: 5.186 loading class sun/reflect/generics/repository/FieldRepository
Event: 5.187 loading class sun/reflect/generics/repository/FieldRepository done
Event: 5.192 loading class jdk/internal/reflect/UnsafeQualifiedIntegerFieldAccessorImpl
Event: 5.192 loading class jdk/internal/reflect/UnsafeQualifiedIntegerFieldAccessorImpl done
Event: 5.233 loading class java/lang/ExceptionInInitializerError
Event: 5.233 loading class java/lang/ExceptionInInitializerError done


Dynamic libraries:
0x00007ff677f60000 - 0x00007ff677f6e000 	c:\Users\HP\.vscode\extensions\redhat.java-1.28.1-win32-x64\jre\17.0.10-win32-x86_64\bin\java.exe
0x00007ffd42df0000 - 0x00007ffd43006000 	C:\WINDOWS\SYSTEM32\ntdll.dll
0x00007ffd41c90000 - 0x00007ffd41d54000 	C:\WINDOWS\System32\KERNEL32.DLL
0x00007ffd40680000 - 0x00007ffd40a27000 	C:\WINDOWS\System32\KERNELBASE.dll
0x00007ffd40110000 - 0x00007ffd40221000 	C:\WINDOWS\System32\ucrtbase.dll
0x00007ffd3b170000 - 0x00007ffd3b18b000 	c:\Users\HP\.vscode\extensions\redhat.java-1.28.1-win32-x64\jre\17.0.10-win32-x86_64\bin\VCRUNTIME140.dll
0x00007ffd3b150000 - 0x00007ffd3b167000 	c:\Users\HP\.vscode\extensions\redhat.java-1.28.1-win32-x64\jre\17.0.10-win32-x86_64\bin\jli.dll
0x00007ffd40c00000 - 0x00007ffd40dae000 	C:\WINDOWS\System32\USER32.dll
0x00007ffd40470000 - 0x00007ffd40496000 	C:\WINDOWS\System32\win32u.dll
0x00007ffd413e0000 - 0x00007ffd41409000 	C:\WINDOWS\System32\GDI32.dll
0x00007ffd245b0000 - 0x00007ffd24843000 	C:\WINDOWS\WinSxS\amd64_microsoft.windows.common-controls_6595b64144ccf1df_6.0.22621.3235_none_270f74e173860f98\COMCTL32.dll
0x00007ffd40560000 - 0x00007ffd40679000 	C:\WINDOWS\System32\gdi32full.dll
0x00007ffd41da0000 - 0x00007ffd41e47000 	C:\WINDOWS\System32\msvcrt.dll
0x00007ffd403d0000 - 0x00007ffd4046a000 	C:\WINDOWS\System32\msvcp_win.dll
0x00007ffd41d60000 - 0x00007ffd41d91000 	C:\WINDOWS\System32\IMM32.DLL
0x00007ffd3b140000 - 0x00007ffd3b14c000 	c:\Users\HP\.vscode\extensions\redhat.java-1.28.1-win32-x64\jre\17.0.10-win32-x86_64\bin\vcruntime140_1.dll
0x00007ffd3b0b0000 - 0x00007ffd3b13d000 	c:\Users\HP\.vscode\extensions\redhat.java-1.28.1-win32-x64\jre\17.0.10-win32-x86_64\bin\msvcp140.dll
0x00007ffcf5490000 - 0x00007ffcf60f2000 	c:\Users\HP\.vscode\extensions\redhat.java-1.28.1-win32-x64\jre\17.0.10-win32-x86_64\bin\server\jvm.dll
0x00007ffd41270000 - 0x00007ffd41322000 	C:\WINDOWS\System32\ADVAPI32.dll
0x00007ffd42c00000 - 0x00007ffd42ca8000 	C:\WINDOWS\System32\sechost.dll
0x00007ffd403a0000 - 0x00007ffd403c8000 	C:\WINDOWS\System32\bcrypt.dll
0x00007ffd40f70000 - 0x00007ffd41085000 	C:\WINDOWS\System32\RPCRT4.dll
0x00007ffd3b0a0000 - 0x00007ffd3b0a9000 	C:\WINDOWS\SYSTEM32\WSOCK32.dll
0x00007ffd40b80000 - 0x00007ffd40bf1000 	C:\WINDOWS\System32\WS2_32.dll
0x00007ffd38710000 - 0x00007ffd3871a000 	C:\WINDOWS\SYSTEM32\VERSION.dll
0x00007ffd38450000 - 0x00007ffd38484000 	C:\WINDOWS\SYSTEM32\WINMM.dll
0x00007ffd3fa40000 - 0x00007ffd3fa8d000 	C:\WINDOWS\SYSTEM32\POWRPROF.dll
0x00007ffd3f9c0000 - 0x00007ffd3f9d3000 	C:\WINDOWS\SYSTEM32\UMPDC.dll
0x00007ffd3f160000 - 0x00007ffd3f178000 	C:\WINDOWS\SYSTEM32\kernel.appcore.dll
0x00007ffd3b090000 - 0x00007ffd3b09a000 	c:\Users\HP\.vscode\extensions\redhat.java-1.28.1-win32-x64\jre\17.0.10-win32-x86_64\bin\jimage.dll
0x00007ffd3da60000 - 0x00007ffd3dc93000 	C:\WINDOWS\SYSTEM32\DBGHELP.DLL
0x00007ffd41900000 - 0x00007ffd41c88000 	C:\WINDOWS\System32\combase.dll
0x00007ffd41ed0000 - 0x00007ffd41fa7000 	C:\WINDOWS\System32\OLEAUT32.dll
0x00007ffd26620000 - 0x00007ffd26652000 	C:\WINDOWS\SYSTEM32\dbgcore.DLL
0x00007ffd40a30000 - 0x00007ffd40aa9000 	C:\WINDOWS\System32\bcryptPrimitives.dll
0x00007ffd3b080000 - 0x00007ffd3b08e000 	c:\Users\HP\.vscode\extensions\redhat.java-1.28.1-win32-x64\jre\17.0.10-win32-x86_64\bin\instrument.dll
0x00007ffd3b050000 - 0x00007ffd3b075000 	c:\Users\HP\.vscode\extensions\redhat.java-1.28.1-win32-x64\jre\17.0.10-win32-x86_64\bin\java.dll
0x00007ffd3a0a0000 - 0x00007ffd3a0b8000 	c:\Users\HP\.vscode\extensions\redhat.java-1.28.1-win32-x64\jre\17.0.10-win32-x86_64\bin\zip.dll
0x00007ffd42170000 - 0x00007ffd429cc000 	C:\WINDOWS\System32\SHELL32.dll
0x00007ffd3e090000 - 0x00007ffd3e989000 	C:\WINDOWS\SYSTEM32\windows.storage.dll
0x00007ffd3df50000 - 0x00007ffd3e08e000 	C:\WINDOWS\SYSTEM32\wintypes.dll
0x00007ffd42cb0000 - 0x00007ffd42da3000 	C:\WINDOWS\System32\SHCORE.dll
0x00007ffd41410000 - 0x00007ffd4146e000 	C:\WINDOWS\System32\shlwapi.dll
0x00007ffd40040000 - 0x00007ffd40061000 	C:\WINDOWS\SYSTEM32\profapi.dll
0x00007ffd1d600000 - 0x00007ffd1d619000 	C:\Users\HP\.vscode\extensions\redhat.java-1.28.1-win32-x64\jre\17.0.10-win32-x86_64\bin\net.dll
0x00007ffd39f50000 - 0x00007ffd3a086000 	C:\WINDOWS\SYSTEM32\WINHTTP.dll
0x00007ffd3f5d0000 - 0x00007ffd3f639000 	C:\WINDOWS\system32\mswsock.dll
0x00007ffd1d5e0000 - 0x00007ffd1d5f6000 	C:\Users\HP\.vscode\extensions\redhat.java-1.28.1-win32-x64\jre\17.0.10-win32-x86_64\bin\nio.dll
0x00007ffd3b040000 - 0x00007ffd3b050000 	c:\Users\HP\.vscode\extensions\redhat.java-1.28.1-win32-x64\jre\17.0.10-win32-x86_64\bin\verify.dll
0x00007ffd0fe80000 - 0x00007ffd0febe000 	C:\Users\HP\AppData\Roaming\Code\User\globalStorage\redhat.java\1.28.1\config_win\org.eclipse.equinox.launcher\org.eclipse.equinox.launcher.win32.win32.x86_64_1.2.900.v20240129-1338\eclipse_11900.dll
0x00007ffd41fc0000 - 0x00007ffd42165000 	C:\WINDOWS\System32\ole32.dll
0x00007ffd3f820000 - 0x00007ffd3f83b000 	C:\WINDOWS\SYSTEM32\CRYPTSP.dll
0x00007ffd3f0c0000 - 0x00007ffd3f0f5000 	C:\WINDOWS\system32\rsaenh.dll
0x00007ffd3f6c0000 - 0x00007ffd3f6e8000 	C:\WINDOWS\SYSTEM32\USERENV.dll
0x00007ffd3f840000 - 0x00007ffd3f84c000 	C:\WINDOWS\SYSTEM32\CRYPTBASE.dll
0x00007ffd3ebf0000 - 0x00007ffd3ec1d000 	C:\WINDOWS\SYSTEM32\IPHLPAPI.DLL
0x00007ffd41ec0000 - 0x00007ffd41ec9000 	C:\WINDOWS\System32\NSI.dll
0x00007ffd39190000 - 0x00007ffd391a9000 	C:\WINDOWS\SYSTEM32\dhcpcsvc6.DLL
0x00007ffd39110000 - 0x00007ffd3912f000 	C:\WINDOWS\SYSTEM32\dhcpcsvc.DLL
0x00007ffd3ec20000 - 0x00007ffd3ed19000 	C:\WINDOWS\SYSTEM32\DNSAPI.dll
0x00007ffd0dc90000 - 0x00007ffd0dcd5000 	C:\Users\HP\AppData\Local\Temp\jna-2312\jna16608190687720808398.dll
0x00007ffd410b0000 - 0x00007ffd410b8000 	C:\WINDOWS\System32\PSAPI.DLL

dbghelp: loaded successfully - version: 4.0.5 - missing functions: none
symbol engine: initialized successfully - sym options: 0x614 - pdb path: .;c:\Users\HP\.vscode\extensions\redhat.java-1.28.1-win32-x64\jre\17.0.10-win32-x86_64\bin;C:\WINDOWS\SYSTEM32;C:\WINDOWS\WinSxS\amd64_microsoft.windows.common-controls_6595b64144ccf1df_6.0.22621.3235_none_270f74e173860f98;c:\Users\HP\.vscode\extensions\redhat.java-1.28.1-win32-x64\jre\17.0.10-win32-x86_64\bin\server;C:\Users\HP\AppData\Roaming\Code\User\globalStorage\redhat.java\1.28.1\config_win\org.eclipse.equinox.launcher\org.eclipse.equinox.launcher.win32.win32.x86_64_1.2.900.v20240129-1338;C:\Users\HP\AppData\Local\Temp\jna-2312

VM Arguments:
jvm_args: --add-modules=ALL-SYSTEM --add-opens=java.base/java.util=ALL-UNNAMED --add-opens=java.base/java.lang=ALL-UNNAMED --add-opens=java.base/sun.nio.fs=ALL-UNNAMED -Declipse.application=org.eclipse.jdt.ls.core.id1 -Dosgi.bundles.defaultStartLevel=4 -Declipse.product=org.eclipse.jdt.ls.core.product -Djava.import.generatesMetadataFilesAtProjectRoot=false -DDetectVMInstallationsJob.disabled=true -Dfile.encoding=utf8 -XX:+UseParallelGC -XX:GCTimeRatio=4 -XX:AdaptiveSizePolicyWeight=90 -Dsun.zip.disableMemoryMapping=true -Xmx1G -Xms100m -Xlog:disable -javaagent:c:\Users\HP\.vscode\extensions\redhat.java-1.28.1-win32-x64\lombok\lombok-1.18.31.jar -XX:+HeapDumpOnOutOfMemoryError -XX:HeapDumpPath=c:\Users\HP\AppData\Roaming\Code\User\workspaceStorage\99dd278fc6fb6ad53d442654f0a575b8\redhat.java -Daether.dependencyCollector.impl=bf 
java_command: c:\Users\HP\.vscode\extensions\redhat.java-1.28.1-win32-x64\server\plugins\org.eclipse.equinox.launcher_1.6.700.v20231214-2017.jar -configuration c:\Users\HP\AppData\Roaming\Code\User\globalStorage\redhat.java\1.28.1\config_win -data c:\Users\HP\AppData\Roaming\Code\User\workspaceStorage\99dd278fc6fb6ad53d442654f0a575b8\redhat.java\jdt_ws --stdio
java_class_path (initial): c:\Users\HP\.vscode\extensions\redhat.java-1.28.1-win32-x64\server\plugins\org.eclipse.equinox.launcher_1.6.700.v20231214-2017.jar
Launcher Type: SUN_STANDARD

[Global flags]
    uintx AdaptiveSizePolicyWeight                 = 90                                        {product} {command line}
     intx CICompilerCount                          = 4                                         {product} {ergonomic}
    uintx GCTimeRatio                              = 4                                         {product} {command line}
     bool HeapDumpOnOutOfMemoryError               = true                                   {manageable} {command line}
    ccstr HeapDumpPath                             = c:\Users\HP\AppData\Roaming\Code\User\workspaceStorage\99dd278fc6fb6ad53d442654f0a575b8\redhat.java         {manageable} {command line}
   size_t InitialHeapSize                          = 104857600                                 {product} {command line}
   size_t MaxHeapSize                              = 1073741824                                {product} {command line}
   size_t MaxNewSize                               = 357564416                                 {product} {ergonomic}
   size_t MinHeapDeltaBytes                        = 524288                                    {product} {ergonomic}
   size_t MinHeapSize                              = 104857600                                 {product} {command line}
   size_t NewSize                                  = 34603008                                  {product} {ergonomic}
    uintx NonNMethodCodeHeapSize                   = 5839372                                {pd product} {ergonomic}
    uintx NonProfiledCodeHeapSize                  = 122909434                              {pd product} {ergonomic}
   size_t OldSize                                  = 70254592                                  {product} {ergonomic}
    uintx ProfiledCodeHeapSize                     = 122909434                              {pd product} {ergonomic}
    uintx ReservedCodeCacheSize                    = 251658240                              {pd product} {ergonomic}
     bool SegmentedCodeCache                       = true                                      {product} {ergonomic}
   size_t SoftMaxHeapSize                          = 1073741824                             {manageable} {ergonomic}
     bool UseCompressedClassPointers               = true                           {product lp64_product} {ergonomic}
     bool UseCompressedOops                        = true                           {product lp64_product} {ergonomic}
     bool UseLargePagesIndividualAllocation        = false                                  {pd product} {ergonomic}
     bool UseParallelGC                            = true                                      {product} {command line}

Logging:
Log output configuration:
 #0: stdout all=off uptime,level,tags
 #1: stderr all=off uptime,level,tags

Environment Variables:
JAVA_HOME=C:\Program Files\Java\jdk-22
PATH=C:\Program Files\Common Files\Oracle\Java\javapath;C:\WINDOWS\system32;C:\WINDOWS;C:\WINDOWS\System32\Wbem;C:\WINDOWS\System32\WindowsPowerShell\v1.0\;C:\WINDOWS\System32\OpenSSH\;C:\MinGW\bin;C:\Users\HP\Downloads;C:\Users\HP\OneDrive;C:\eda\gtkwave\bin;C:\Program Files\Git\cmd;C:\Program Files\nodejs\;C:\Program Files\MySQL\MySQL Shell 8.0\bin\;C:\Users\HP\anaconda3;C:\Users\HP\anaconda3\Library\mingw-w64\bin;C:\Users\HP\anaconda3\Library\usr\bin;C:\Users\HP\anaconda3\Library\bin;C:\Users\HP\anaconda3\Scripts;C:\Users\HP\AppData\Local\Programs\Python\Python310\Scripts\;C:\Users\HP\AppData\Local\Programs\Python\Python310\;C:\Users\HP\AppData\Local\Microsoft\WindowsApps;C:\Users\HP\AppData\Local\Programs\Microsoft VS Code\bin;C:\Program Files (x86)\Ghdl\bin;C:\Users\HP\AppData\Roaming\npm;C:\Program Files\nodejs\;C:\Program Files\Java\jdk-22\bin;
USERNAME=HP
OS=Windows_NT
PROCESSOR_IDENTIFIER=AMD64 Family 23 Model 104 Stepping 1, AuthenticAMD
TMP=C:\Users\HP\AppData\Local\Temp
TEMP=C:\Users\HP\AppData\Local\Temp



Periodic native trim disabled


---------------  S Y S T E M  ---------------

OS:
 Windows 11 , 64 bit Build 22621 (10.0.22621.3374)
OS uptime: 0 days 7:43 hours

CPU: total 12 (initial active 12) (12 cores per cpu, 2 threads per core) family 23 model 104 stepping 1 microcode 0x0, cx8, cmov, fxsr, ht, mmx, 3dnowpref, sse, sse2, sse3, ssse3, sse4a, sse4.1, sse4.2, popcnt, lzcnt, tsc, tscinvbit, avx, avx2, aes, clmul, bmi1, bmi2, adx, sha, fma, vzeroupper, clflush, clflushopt
Processor Information for processor 0
  Max Mhz: 2100, Current Mhz: 1813, Mhz Limit: 2100
Processor Information for processor 1
  Max Mhz: 2100, Current Mhz: 1813, Mhz Limit: 2100
Processor Information for processor 2
  Max Mhz: 2100, Current Mhz: 2100, Mhz Limit: 2100
Processor Information for processor 3
  Max Mhz: 2100, Current Mhz: 1813, Mhz Limit: 2100
Processor Information for processor 4
  Max Mhz: 2100, Current Mhz: 2100, Mhz Limit: 2100
Processor Information for processor 5
  Max Mhz: 2100, Current Mhz: 1813, Mhz Limit: 2100
Processor Information for processor 6
  Max Mhz: 2100, Current Mhz: 1813, Mhz Limit: 2100
Processor Information for processor 7
  Max Mhz: 2100, Current Mhz: 2100, Mhz Limit: 2100
Processor Information for processor 8
  Max Mhz: 2100, Current Mhz: 2100, Mhz Limit: 2100
Processor Information for processor 9
  Max Mhz: 2100, Current Mhz: 1813, Mhz Limit: 2100
Processor Information for processor 10
  Max Mhz: 2100, Current Mhz: 2100, Mhz Limit: 2100
Processor Information for processor 11
  Max Mhz: 2100, Current Mhz: 1813, Mhz Limit: 2100

Memory: 4k page, system-wide physical 7501M (227M free)
TotalPageFile size 13576M (AvailPageFile size 2M)
current process WorkingSet (physical memory assigned to process): 191M, peak: 191M
current process commit charge ("private bytes"): 280M, peak: 280M

vm_info: OpenJDK 64-Bit Server VM (17.0.10+7) for windows-amd64 JRE (17.0.10+7), built on Jan 16 2024 23:25:11 by "admin" with MS VC++ 16.10 / 16.11 (VS2019)

END.
